Arguments: 
  /home/hong/.n/bin/node /home/hong/.npm-global/bin/yarn

PATH: 
  /home/hong/.n/bin:/home/hong/.npm-global/bin:/home/hong/workspace/tools/ncc:/home/hong/workspace/tools/ncc:/home/hong/workspace/tools/ncc:/home/hong/workspace/tools/ncc:/home/hong/.npm-global/bin:/home/hong/bin:/home/hong/workspace/tools/ncc:/home/hong/workspace/tools/ncc:/home/hong/workspace/tools/ncc:/home/hong/workspace/tools/ncc:/home/hong/.nvm/versions/node/v10.15.3/bin:/home/hong/.npm-global/bin:/home/hong/bin:/usr/local/sbin:/usr/local/bin:/usr/sbin:/usr/bin:/sbin:/bin:/usr/games:/usr/local/games:/snap/bin:/home/hong/Android/Sdk/emulator:/home/hong/Android/Sdk/tools:/home/hong/Android/Sdk/tools/bin:/home/hong/Android/Sdk/platform-tools:/home/hong/workspace/tools/go/bin:/home/hong/Android/Sdk/emulator:/home/hong/Android/Sdk/tools:/home/hong/Android/Sdk/tools/bin:/home/hong/Android/Sdk/platform-tools:/home/hong/workspace/tools/go/bin

Yarn version: 
  1.17.3

Node version: 
  10.15.3

Platform: 
  linux x64

Trace: 
  Error: https://registry.navercorp.com/api/npm/npm-naver/submodule-target: not_found
      at Request.params.callback [as _callback] (/home/hong/.npm-global/lib/node_modules/yarn/lib/cli.js:66830:18)
      at Request.self.callback (/home/hong/.npm-global/lib/node_modules/yarn/lib/cli.js:140464:22)
      at Request.emit (events.js:189:13)
      at Request.<anonymous> (/home/hong/.npm-global/lib/node_modules/yarn/lib/cli.js:141436:10)
      at Request.emit (events.js:189:13)
      at Gunzip.<anonymous> (/home/hong/.npm-global/lib/node_modules/yarn/lib/cli.js:141358:12)
      at Object.onceWrapper (events.js:277:13)
      at Gunzip.emit (events.js:194:15)
      at endReadableNT (_stream_readable.js:1125:12)
      at process._tickCallback (internal/process/next_tick.js:63:19)

npm manifest: 
  {
    "name": "submodule-test",
    "version": "1.0.0",
    "main": "index.js",
    "scripts": {
      "test": "echo \"Error: no test specified\" && exit 1"
    },
    "repository": {
      "type": "git",
      "url": "git+https://github.com/getElementsByName/git-submodule-test.git"
    },
    "author": "",
    "license": "ISC",
    "bugs": {
      "url": "https://github.com/getElementsByName/git-submodule-test/issues"
    },
    "homepage": "https://github.com/getElementsByName/git-submodule-test#readme",
    "dependencies": {
      "submodule-target": "git@github.com:getElementsByName/sub-package-test.git"
    }
  }

yarn manifest: 
  No manifest

Lockfile: 
  # THIS IS AN AUTOGENERATED FILE. DO NOT EDIT THIS FILE DIRECTLY.
  # yarn lockfile v1
